<?xml version="1.0" encoding="UTF-8"?>
<!-- Generated by org.testng.reporters.JUnitXMLReporter -->
<testsuite hostname="LAPTOP-7JARMFJD" ignored="0" name="Test" tests="6" failures="0" timestamp="2022-01-17T13:51:27 IST" time="0.061" errors="0">
  <testcase name="IOSApps" time="0.007" classname="MavenProject.Mavenjava.AppiumTest"/>
  <testcase name="nativeAppAndrovid" time="0.0" classname="MavenProject.Mavenjava.AppiumTest"/>
  <testcase name="deleteTwitter" time="0.0" classname="MavenProject.Mavenjava.RESTApiTest"/>
  <testcase name="postjira" time="0.0" classname="MavenProject.Mavenjava.RESTApiTest"/>
  <testcase name="BowserAutomation" time="0.0" classname="MavenProject.Mavenjava.SeleniumTest"/>
  <testcase name="elementsUI" time="0.0" classname="MavenProject.Mavenjava.SeleniumTest"/>
</testsuite> <!-- Test -->
