<?xml version="1.0" encoding="UTF-8"?>
<testng-results ignored="0" total="1" passed="1" failed="0" skipped="0">
  <reporter-output>
  </reporter-output>
  <suite started-at="2022-01-17T21:26:34 IST" name="Default suite" finished-at="2022-01-17T21:26:52 IST" duration-ms="17768">
    <groups>
    </groups>
    <test started-at="2022-01-17T21:26:34 IST" name="Default test" finished-at="2022-01-17T21:26:52 IST" duration-ms="17768">
      <class name="MavenProject.Mavenjava.ExtentRepot">
        <test-method is-config="true" signature="config()[pri:0, instance:MavenProject.Mavenjava.ExtentRepot@4b0d79fc]" started-at="2022-01-17T21:26:34 IST" name="config" finished-at="2022-01-17T21:26:34 IST" duration-ms="455" status="PASS">
          <reporter-output>
          </reporter-output>
        </test-method> <!-- config -->
        <test-method signature="intitalDemo()[pri:0, instance:MavenProject.Mavenjava.ExtentRepot@4b0d79fc]" started-at="2022-01-17T21:26:34 IST" name="intitalDemo" finished-at="2022-01-17T21:26:51 IST" duration-ms="17270" status="PASS">
          <reporter-output>
          </reporter-output>
        </test-method> <!-- intitalDemo -->
      </class> <!-- MavenProject.Mavenjava.ExtentRepot -->
    </test> <!-- Default test -->
  </suite> <!-- Default suite -->
</testng-results>
